<?xml version="1.0" encoding="UTF-8"?>
<!-- Generated by org.testng.reporters.JUnitReportReporter -->
<testsuite skipped="0" hostname="pc05-PC" name="demo.Demo" tests="1" failures="0" timestamp="09 Feb 2019 07:44:33 GMT" time="27.322" errors="0">
  <testcase name="testCase" time="27.322" classname="demo.Demo"/>
</testsuite> <!-- demo.Demo -->
